<Generator>
Plant        

% 
%  Statistics for Plant
% 
%  States:        4
%  Init/Marked:   1/1
%  Events:        4
%  Transitions:   8
%  StateSymbols:  4
%  Attrib. E/S/T: 4/0/0
% 

<Alphabet>
alpha_1#1     +C+           alpha_2#2     +C+           beta_1#3      +o+          
beta_2#4      +o+          
</Alphabet>

<States>
I|I#1         B|I#2         I|B#3         B|B#4        
</States>

<TransRel>
I|I[1]        alpha_1[1]    B|I[2]       
I|I[1]        alpha_2[2]    I|B[3]       
B|I[2]        alpha_2[2]    B|B[4]       
B|I[2]        beta_1[3]     I|I[1]       
I|B[3]        alpha_1[1]    B|B[4]       
I|B[3]        beta_2[4]     I|I[1]       
B|B[4]        beta_1[3]     I|B[3]       
B|B[4]        beta_2[4]     B|I[2]       
</TransRel>

<InitStates>
I|I#1        
</InitStates>

<MarkedStates>
I|I#1        
</MarkedStates>

<RabinAcceptance/>
</Generator>

<Generator>
buffer       

% 
%  Statistics for buffer
% 
%  States:        3
%  Init/Marked:   1/1
%  Events:        4
%  Transitions:   10
%  StateSymbols:  3
%  Attrib. E/S/T: 0/0/0
% 

<Alphabet>
alpha_1#1     alpha_2#2     beta_1#3      beta_2#4     
</Alphabet>

<States>
E#1           F1#2          F2#3         
</States>

<TransRel>
E[1]          alpha_1[1]    E[1]         
E[1]          beta_1[3]     F1[2]        
E[1]          beta_2[4]     E[1]         
F1[2]         alpha_1[1]    F1[2]        
F1[2]         alpha_2[2]    E[1]         
F1[2]         beta_1[3]     F2[3]        
F1[2]         beta_2[4]     F1[2]        
F2[3]         alpha_1[1]    F2[3]        
F2[3]         alpha_2[2]    F1[2]        
F2[3]         beta_2[4]     F2[3]        
</TransRel>

<InitStates>
E#1          
</InitStates>

<MarkedStates>
E#1          
</MarkedStates>

<RabinAcceptance>
<RabinPair name="safe">
<R>
F2           
</R>
<I>
F1            F2           
</I>
</RabinPair>
</RabinAcceptance>

</Generator>

<Alphabet>
alpha_1#1     +C+           alpha_2#2     +C+           beta_1#3      +o+          
beta_2#4      +o+          
</Alphabet>
<Generator>
Generator    

% 
%  Statistics for Generator
% 
%  States:        12
%  Init/Marked:   1/1
%  Events:        4
%  Transitions:   20
%  StateSymbols:  12
%  Attrib. E/S/T: 4/0/0
% 

<Alphabet>
alpha_1#1     +C+           alpha_2#2     +C+           beta_1#3      +o+          
beta_2#4      +o+          
</Alphabet>

<States>
I|I|E#1       I|I|F1#2      I|I|F2#3      B|I|E#4       B|I|F1#5      B|I|F2#6     
I|B|E#7       I|B|F1#8      I|B|F2#9      B|B|E#10      B|B|F1#11     B|B|F2#12    
</States>

<TransRel>
I|I|E[1]      alpha_1[1]    B|I|E[4]     
I|I|F1[2]     alpha_1[1]    B|I|F1[5]    
I|I|F1[2]     alpha_2[2]    I|B|E[7]     
I|I|F2[3]     alpha_1[1]    B|I|F2[6]    
I|I|F2[3]     alpha_2[2]    I|B|F1[8]    
B|I|E[4]      beta_1[3]     I|I|F1[2]    
B|I|F1[5]     alpha_2[2]    B|B|E[10]    
B|I|F1[5]     beta_1[3]     I|I|F2[3]    
B|I|F2[6]     alpha_2[2]    B|B|F1[11]   
I|B|E[7]      alpha_1[1]    B|B|E[10]    
I|B|E[7]      beta_2[4]     I|I|E[1]     
I|B|F1[8]     alpha_1[1]    B|B|F1[11]   
I|B|F1[8]     beta_2[4]     I|I|F1[2]    
I|B|F2[9]     alpha_1[1]    B|B|F2[12]   
I|B|F2[9]     beta_2[4]     I|I|F2[3]    
B|B|E[10]     beta_1[3]     I|B|F1[8]    
B|B|E[10]     beta_2[4]     B|I|E[4]     
B|B|F1[11]    beta_1[3]     I|B|F2[9]    
B|B|F1[11]    beta_2[4]     B|I|F1[5]    
B|B|F2[12]    beta_2[4]     B|I|F2[6]    
</TransRel>

<InitStates>
I|I|E#1      
</InitStates>

<MarkedStates>
I|I|E#1      
</MarkedStates>

<RabinAcceptance>
<RabinPair name="RabinPair">
<R>
I|I|F2        B|I|F2        I|B|F2        B|B|F2       
</R>
<I>
I|I|F1        I|I|F2        B|I|F1        B|I|F2        I|B|F1        I|B|F2       
B|B|F1        B|B|F2       
</I>
</RabinPair>
</RabinAcceptance>

</Generator>

Generated 4 control patterns:
G1 = <G1>
beta_1#3      beta_2#4     
</G1>
G2 = <G2>
alpha_2#2     beta_1#3      beta_2#4     
</G2>
G3 = <G3>
alpha_1#1     beta_1#3      beta_2#4     
</G3>
G4 = <G4>
alpha_1#1     alpha_2#2     beta_1#3      beta_2#4     
</G4>

Expanded Buffer Automaton:
<Generator>
Generator_Expanded 

% 
%  Statistics for Generator_Expanded
% 
%  States:        12
%  Init/Marked:   1/1
%  Events:        12
%  Transitions:   60
%  StateSymbols:  12
%  Attrib. E/S/T: 12/0/0
% 

<Alphabet>
alpha_1_G3#5  +C+           alpha_1_G4#6  +C+           alpha_2_G2#7  +C+          
alpha_2_G4#8  +C+           beta_1_G1#9   +o+           beta_1_G2#10  +o+          
beta_1_G3#11  +o+           beta_1_G4#12  +o+           beta_2_G1#13  +o+          
beta_2_G2#14  +o+           beta_2_G3#15  +o+           beta_2_G4#16  +o+          
</Alphabet>

<States>
I|I|E#1       I|I|F1#2      I|I|F2#3      B|I|E#4       B|I|F1#5      B|I|F2#6     
I|B|E#7       I|B|F1#8      I|B|F2#9      B|B|E#10      B|B|F1#11     B|B|F2#12    
</States>

<TransRel>
I|I|E[1]      alpha_1_G3[5]  B|I|E[4]     
I|I|E[1]      alpha_1_G4[6]  B|I|E[4]     
I|I|F1[2]     alpha_1_G3[5]  B|I|F1[5]    
I|I|F1[2]     alpha_1_G4[6]  B|I|F1[5]    
I|I|F1[2]     alpha_2_G2[7]  I|B|E[7]     
I|I|F1[2]     alpha_2_G4[8]  I|B|E[7]     
I|I|F2[3]     alpha_1_G3[5]  B|I|F2[6]    
I|I|F2[3]     alpha_1_G4[6]  B|I|F2[6]    
I|I|F2[3]     alpha_2_G2[7]  I|B|F1[8]    
I|I|F2[3]     alpha_2_G4[8]  I|B|F1[8]    
B|I|E[4]      beta_1_G1[9]  I|I|F1[2]    
B|I|E[4]      beta_1_G2[10]  I|I|F1[2]    
B|I|E[4]      beta_1_G3[11]  I|I|F1[2]    
B|I|E[4]      beta_1_G4[12]  I|I|F1[2]    
B|I|F1[5]     alpha_2_G2[7]  B|B|E[10]    
B|I|F1[5]     alpha_2_G4[8]  B|B|E[10]    
B|I|F1[5]     beta_1_G1[9]  I|I|F2[3]    
B|I|F1[5]     beta_1_G2[10]  I|I|F2[3]    
B|I|F1[5]     beta_1_G3[11]  I|I|F2[3]    
B|I|F1[5]     beta_1_G4[12]  I|I|F2[3]    
B|I|F2[6]     alpha_2_G2[7]  B|B|F1[11]   
B|I|F2[6]     alpha_2_G4[8]  B|B|F1[11]   
I|B|E[7]      alpha_1_G3[5]  B|B|E[10]    
I|B|E[7]      alpha_1_G4[6]  B|B|E[10]    
I|B|E[7]      beta_2_G1[13]  I|I|E[1]     
I|B|E[7]      beta_2_G2[14]  I|I|E[1]     
I|B|E[7]      beta_2_G3[15]  I|I|E[1]     
I|B|E[7]      beta_2_G4[16]  I|I|E[1]     
I|B|F1[8]     alpha_1_G3[5]  B|B|F1[11]   
I|B|F1[8]     alpha_1_G4[6]  B|B|F1[11]   
I|B|F1[8]     beta_2_G1[13]  I|I|F1[2]    
I|B|F1[8]     beta_2_G2[14]  I|I|F1[2]    
I|B|F1[8]     beta_2_G3[15]  I|I|F1[2]    
I|B|F1[8]     beta_2_G4[16]  I|I|F1[2]    
I|B|F2[9]     alpha_1_G3[5]  B|B|F2[12]   
I|B|F2[9]     alpha_1_G4[6]  B|B|F2[12]   
I|B|F2[9]     beta_2_G1[13]  I|I|F2[3]    
I|B|F2[9]     beta_2_G2[14]  I|I|F2[3]    
I|B|F2[9]     beta_2_G3[15]  I|I|F2[3]    
I|B|F2[9]     beta_2_G4[16]  I|I|F2[3]    
B|B|E[10]     beta_1_G1[9]  I|B|F1[8]    
B|B|E[10]     beta_1_G2[10]  I|B|F1[8]    
B|B|E[10]     beta_1_G3[11]  I|B|F1[8]    
B|B|E[10]     beta_1_G4[12]  I|B|F1[8]    
B|B|E[10]     beta_2_G1[13]  B|I|E[4]     
B|B|E[10]     beta_2_G2[14]  B|I|E[4]     
B|B|E[10]     beta_2_G3[15]  B|I|E[4]     
B|B|E[10]     beta_2_G4[16]  B|I|E[4]     
B|B|F1[11]    beta_1_G1[9]  I|B|F2[9]    
B|B|F1[11]    beta_1_G2[10]  I|B|F2[9]    
B|B|F1[11]    beta_1_G3[11]  I|B|F2[9]    
B|B|F1[11]    beta_1_G4[12]  I|B|F2[9]    
B|B|F1[11]    beta_2_G1[13]  B|I|F1[5]    
B|B|F1[11]    beta_2_G2[14]  B|I|F1[5]    
B|B|F1[11]    beta_2_G3[15]  B|I|F1[5]    
B|B|F1[11]    beta_2_G4[16]  B|I|F1[5]    
B|B|F2[12]    beta_2_G1[13]  B|I|F2[6]    
B|B|F2[12]    beta_2_G2[14]  B|I|F2[6]    
B|B|F2[12]    beta_2_G3[15]  B|I|F2[6]    
B|B|F2[12]    beta_2_G4[16]  B|I|F2[6]    
</TransRel>

<InitStates>
I|I|E#1      
</InitStates>

<MarkedStates>
I|I|E#1      
</MarkedStates>

<RabinAcceptance>
<RabinPair name="RabinPair">
<R>
I|I|F2        B|I|F2        I|B|F2        B|B|F2       
</R>
<I>
I|I|F1        I|I|F2        B|I|F1        B|I|F2        I|B|F1        I|B|F2       
B|B|F1        B|B|F2       
</I>
</RabinPair>
</RabinAcceptance>

</Generator>

<Generator>
Generator_Expanded 

% 
%  Statistics for Generator_Expanded
% 
%  States:        12
%  Init/Marked:   1/1
%  Events:        8
%  Transitions:   60
%  StateSymbols:  12
%  Attrib. E/S/T: 8/0/0
% 

<Alphabet>
alpha_1_G3#5  +C+           alpha_1_G4#6  +C+           alpha_2_G2#7  +C+          
alpha_2_G4#8  +C+           eps_G1#17     +o+           eps_G2#18     +o+          
eps_G3#19     +o+           eps_G4#20     +o+          
</Alphabet>

<States>
I|I|E#1       I|I|F1#2      I|I|F2#3      B|I|E#4       B|I|F1#5      B|I|F2#6     
I|B|E#7       I|B|F1#8      I|B|F2#9      B|B|E#10      B|B|F1#11     B|B|F2#12    
</States>

<TransRel>
I|I|E[1]      alpha_1_G3[5]  B|I|E[4]     
I|I|E[1]      alpha_1_G4[6]  B|I|E[4]     
I|I|F1[2]     alpha_1_G3[5]  B|I|F1[5]    
I|I|F1[2]     alpha_1_G4[6]  B|I|F1[5]    
I|I|F1[2]     alpha_2_G2[7]  I|B|E[7]     
I|I|F1[2]     alpha_2_G4[8]  I|B|E[7]     
I|I|F2[3]     alpha_1_G3[5]  B|I|F2[6]    
I|I|F2[3]     alpha_1_G4[6]  B|I|F2[6]    
I|I|F2[3]     alpha_2_G2[7]  I|B|F1[8]    
I|I|F2[3]     alpha_2_G4[8]  I|B|F1[8]    
B|I|E[4]      eps_G1[17]    I|I|F1[2]    
B|I|E[4]      eps_G2[18]    I|I|F1[2]    
B|I|E[4]      eps_G3[19]    I|I|F1[2]    
B|I|E[4]      eps_G4[20]    I|I|F1[2]    
B|I|F1[5]     alpha_2_G2[7]  B|B|E[10]    
B|I|F1[5]     alpha_2_G4[8]  B|B|E[10]    
B|I|F1[5]     eps_G1[17]    I|I|F2[3]    
B|I|F1[5]     eps_G2[18]    I|I|F2[3]    
B|I|F1[5]     eps_G3[19]    I|I|F2[3]    
B|I|F1[5]     eps_G4[20]    I|I|F2[3]    
B|I|F2[6]     alpha_2_G2[7]  B|B|F1[11]   
B|I|F2[6]     alpha_2_G4[8]  B|B|F1[11]   
I|B|E[7]      alpha_1_G3[5]  B|B|E[10]    
I|B|E[7]      alpha_1_G4[6]  B|B|E[10]    
I|B|E[7]      eps_G1[17]    I|I|E[1]     
I|B|E[7]      eps_G2[18]    I|I|E[1]     
I|B|E[7]      eps_G3[19]    I|I|E[1]     
I|B|E[7]      eps_G4[20]    I|I|E[1]     
I|B|F1[8]     alpha_1_G3[5]  B|B|F1[11]   
I|B|F1[8]     alpha_1_G4[6]  B|B|F1[11]   
I|B|F1[8]     eps_G1[17]    I|I|F1[2]    
I|B|F1[8]     eps_G2[18]    I|I|F1[2]    
I|B|F1[8]     eps_G3[19]    I|I|F1[2]    
I|B|F1[8]     eps_G4[20]    I|I|F1[2]    
I|B|F2[9]     alpha_1_G3[5]  B|B|F2[12]   
I|B|F2[9]     alpha_1_G4[6]  B|B|F2[12]   
I|B|F2[9]     eps_G1[17]    I|I|F2[3]    
I|B|F2[9]     eps_G2[18]    I|I|F2[3]    
I|B|F2[9]     eps_G3[19]    I|I|F2[3]    
I|B|F2[9]     eps_G4[20]    I|I|F2[3]    
B|B|E[10]     eps_G1[17]    B|I|E[4]     
B|B|E[10]     eps_G1[17]    I|B|F1[8]    
B|B|E[10]     eps_G2[18]    B|I|E[4]     
B|B|E[10]     eps_G2[18]    I|B|F1[8]    
B|B|E[10]     eps_G3[19]    B|I|E[4]     
B|B|E[10]     eps_G3[19]    I|B|F1[8]    
B|B|E[10]     eps_G4[20]    B|I|E[4]     
B|B|E[10]     eps_G4[20]    I|B|F1[8]    
B|B|F1[11]    eps_G1[17]    B|I|F1[5]    
B|B|F1[11]    eps_G1[17]    I|B|F2[9]    
B|B|F1[11]    eps_G2[18]    B|I|F1[5]    
B|B|F1[11]    eps_G2[18]    I|B|F2[9]    
B|B|F1[11]    eps_G3[19]    B|I|F1[5]    
B|B|F1[11]    eps_G3[19]    I|B|F2[9]    
B|B|F1[11]    eps_G4[20]    B|I|F1[5]    
B|B|F1[11]    eps_G4[20]    I|B|F2[9]    
B|B|F2[12]    eps_G1[17]    B|I|F2[6]    
B|B|F2[12]    eps_G2[18]    B|I|F2[6]    
B|B|F2[12]    eps_G3[19]    B|I|F2[6]    
B|B|F2[12]    eps_G4[20]    B|I|F2[6]    
</TransRel>

<InitStates>
I|I|E#1      
</InitStates>

<MarkedStates>
I|I|E#1      
</MarkedStates>

<RabinAcceptance>
<RabinPair name="RabinPair">
<R>
I|I|F2        B|I|F2        I|B|F2        B|B|F2       
</R>
<I>
I|I|F1        I|I|F2        B|I|F1        B|I|F2        I|B|F1        I|B|F2       
B|B|F1        B|B|F2       
</I>
</RabinPair>
</RabinAcceptance>

</Generator>

